Using pre-set license
Built from '2021.3/staging' branch; Version is '2021.3.11f1 (0a5ca18544bf) revision 679073'; Using compiler version '192829333'; Build Type 'Release'
OS: 'Windows 10  (10.0.19045) 64bit CoreSingleLanguage' Language: 'en' Physical Memory: 6082 MB
BatchMode: 1, IsHumanControllingUs: 0, StartBugReporterOnCrash: 0, Is64bit: 1, IsPro: 1

COMMAND LINE ARGUMENTS:
D:\2021.3.11f1\Editor\Unity.exe
-adb2
-batchMode
-noUpm
-name
AssetImportWorker4
-projectPath
D:/real-eastate-clone
-logFile
Logs/AssetImportWorker4.log
-srvPort
64454
Successfully changed project path to: D:/real-eastate-clone
D:/real-eastate-clone
[UnityMemory] Configuration Parameters - Can be set up in boot.config
    "memorysetup-bucket-allocator-granularity=16"
    "memorysetup-bucket-allocator-bucket-count=8"
    "memorysetup-bucket-allocator-block-size=33554432"
    "memorysetup-bucket-allocator-block-count=8"
    "memorysetup-main-allocator-block-size=16777216"
    "memorysetup-thread-allocator-block-size=16777216"
    "memorysetup-gfx-main-allocator-block-size=16777216"
    "memorysetup-gfx-thread-allocator-block-size=16777216"
    "memorysetup-cache-allocator-block-size=4194304"
    "memorysetup-typetree-allocator-block-size=2097152"
    "memorysetup-profiler-bucket-allocator-granularity=16"
    "memorysetup-profiler-bucket-allocator-bucket-count=8"
    "memorysetup-profiler-bucket-allocator-block-size=33554432"
    "memorysetup-profiler-bucket-allocator-block-count=8"
    "memorysetup-profiler-allocator-block-size=16777216"
    "memorysetup-profiler-editor-allocator-block-size=1048576"
    "memorysetup-temp-allocator-size-main=16777216"
    "memorysetup-job-temp-allocator-block-size=2097152"
    "memorysetup-job-temp-allocator-block-size-background=1048576"
    "memorysetup-job-temp-allocator-reduction-small-platforms=262144"
    "memorysetup-temp-allocator-size-background-worker=32768"
    "memorysetup-temp-allocator-size-job-worker=262144"
    "memorysetup-temp-allocator-size-preload-manager=33554432"
    "memorysetup-temp-allocator-size-nav-mesh-worker=65536"
    "memorysetup-temp-allocator-size-audio-worker=65536"
    "memorysetup-temp-allocator-size-cloud-worker=32768"
    "memorysetup-temp-allocator-size-gi-baking-worker=262144"
    "memorysetup-temp-allocator-size-gfx=262144"
Refreshing native plugins compatible for Editor in 172.15 ms, found 3 plugins.
Preloading 0 native plugins for Editor in 0.00 ms.
Initialize engine version: 2021.3.11f1 (0a5ca18544bf)
[Subsystems] Discovering subsystems at path D:/2021.3.11f1/Editor/Data/Resources/UnitySubsystems
[Subsystems] Discovering subsystems at path D:/real-eastate-clone/Assets
GfxDevice: creating device client; threaded=0; jobified=0
Direct3D:
    Version:  Direct3D 11.0 [level 11.1]
    Renderer: NVIDIA GeForce GTX 1650 (ID=0x1f91)
    Vendor:   NVIDIA
    VRAM:     3964 MB
    Driver:   27.21.14.5167
Initialize mono
Mono path[0] = 'D:/2021.3.11f1/Editor/Data/Managed'
Mono path[1] = 'D:/2021.3.11f1/Editor/Data/MonoBleedingEdge/lib/mono/unityjit-win32'
Mono config path = 'D:/2021.3.11f1/Editor/Data/MonoBleedingEdge/etc'
Using monoOptions --debugger-agent=transport=dt_socket,embedding=1,server=y,suspend=n,address=127.0.0.1:56512
Begin MonoManager ReloadAssembly
Registering precompiled unity dll's ...
Register platform support module: D:/2021.3.11f1/Editor/Data/PlaybackEngines/WebGLSupport/UnityEditor.WebGL.Extensions.dll
Register platform support module: D:/2021.3.11f1/Editor/Data/PlaybackEngines/AndroidPlayer/UnityEditor.Android.Extensions.dll
Register platform support module: D:/2021.3.11f1/Editor/Data/PlaybackEngines/WindowsStandaloneSupport/UnityEditor.WindowsStandalone.Extensions.dll
Registered in 0.008963 seconds.
Native extension for WindowsStandalone target not found
Native extension for Android target not found
Native extension for WebGL target not found
Refreshing native plugins compatible for Editor in 151.07 ms, found 3 plugins.
Preloading 0 native plugins for Editor in 0.00 ms.
Mono: successfully reloaded assembly
- Completed reload, in  1.531 seconds
Domain Reload Profiling:
	ReloadAssembly (1532ms)
		BeginReloadAssembly (253ms)
			ExecutionOrderSort (0ms)
			DisableScriptedObjects (0ms)
			BackupInstance (0ms)
			ReleaseScriptingObjects (0ms)
			CreateAndSetChildDomain (2ms)
		EndReloadAssembly (1022ms)
			LoadAssemblies (254ms)
			RebuildTransferFunctionScriptingTraits (0ms)
			SetupTypeCache (227ms)
			ReleaseScriptCaches (0ms)
			RebuildScriptCaches (74ms)
			SetupLoadedEditorAssemblies (604ms)
				LogAssemblyErrors (0ms)
				InitializePlatformSupportModulesInManaged (152ms)
				SetLoadedEditorAssemblies (1ms)
				RefreshPlugins (151ms)
				BeforeProcessingInitializeOnLoad (2ms)
				ProcessInitializeOnLoadAttributes (199ms)
				ProcessInitializeOnLoadMethodAttributes (98ms)
				AfterProcessingInitializeOnLoad (0ms)
				EditorAssembliesLoaded (0ms)
			ExecutionOrderSort2 (0ms)
			AwakeInstancesAfterBackupRestoration (0ms)
Platform modules already initialized, skipping
Registering precompiled user dll's ...
Registered in 0.008552 seconds.
Android Extension - Scanning For ADB Devices 975 ms
Begin MonoManager ReloadAssembly
Symbol file LoadedFromMemory doesn't match image D:\real-eastate-clone\Library\PackageCache\com.unity.visualscripting@1.7.8\Editor\VisualScripting.Core\Dependencies\YamlDotNet\Unity.VisualScripting.YamlDotNet.dll
Symbol file LoadedFromMemory doesn't match image D:\real-eastate-clone\Library\PackageCache\com.unity.visualscripting@1.7.8\Editor\VisualScripting.Core\Dependencies\DotNetZip\Unity.VisualScripting.IonicZip.dll
Native extension for WindowsStandalone target not found
Native extension for Android target not found
Native extension for WebGL target not found
Refreshing native plugins compatible for Editor in 1.26 ms, found 3 plugins.
Preloading 0 native plugins for Editor in 0.00 ms.
Mono: successfully reloaded assembly
- Completed reload, in  3.809 seconds
Domain Reload Profiling:
	ReloadAssembly (3811ms)
		BeginReloadAssembly (231ms)
			ExecutionOrderSort (0ms)
			DisableScriptedObjects (11ms)
			BackupInstance (0ms)
			ReleaseScriptingObjects (0ms)
			CreateAndSetChildDomain (35ms)
		EndReloadAssembly (3334ms)
			LoadAssemblies (199ms)
			RebuildTransferFunctionScriptingTraits (0ms)
			SetupTypeCache (465ms)
			ReleaseScriptCaches (1ms)
			RebuildScriptCaches (109ms)
			SetupLoadedEditorAssemblies (2534ms)
				LogAssemblyErrors (0ms)
				InitializePlatformSupportModulesInManaged (28ms)
				SetLoadedEditorAssemblies (1ms)
				RefreshPlugins (1ms)
				BeforeProcessingInitializeOnLoad (200ms)
				ProcessInitializeOnLoadAttributes (548ms)
				ProcessInitializeOnLoadMethodAttributes (1751ms)
				AfterProcessingInitializeOnLoad (4ms)
				EditorAssembliesLoaded (0ms)
			ExecutionOrderSort2 (0ms)
			AwakeInstancesAfterBackupRestoration (12ms)
Platform modules already initialized, skipping
========================================================================
Worker process is ready to serve import requests
Launched and connected shader compiler UnityShaderCompiler.exe after 0.11 seconds
Refreshing native plugins compatible for Editor in 1.25 ms, found 3 plugins.
Preloading 0 native plugins for Editor in 0.00 ms.
Unloading 3380 Unused Serialized files (Serialized files now loaded: 0)
Unloading 27 unused Assets / (113.4 KB). Loaded Objects now: 3839.
Memory consumption went from 116.3 MB to 116.2 MB.
Total: 4.747100 ms (FindLiveObjects: 0.416700 ms CreateObjectMapping: 0.161600 ms MarkObjects: 4.022600 ms  DeleteObjects: 0.144500 ms)

AssetImportParameters requested are different than current active one (requested -> active):
  custom:video-decoder-ogg-theora: a1e56fd34408186e4bbccfd4996cb3dc -> 
  custom:container-muxer-webm: aa71ff27fc2769a1b78a27578f13a17b -> 
  custom:container-demuxer-webm: 4f35f7cbe854078d1ac9338744f61a02 -> 
  custom:video-encoder-webm-vp8: eb34c28f22e8b96e1ab97ce403110664 -> 
  custom:audio-encoder-webm-vorbis: bf7c407c2cedff20999df2af8eb42d56 -> 
  custom:framework-win-MediaFoundation: 216162199b28c13a410421893ffa2e32 -> 
  custom:container-demuxer-ogg: 62fdf1f143b41e24485cea50d1cbac27 -> 
  custom:video-decoder-webm-vp8: 9c59270c3fd7afecdb556c50c9e8de78 -> 
  custom:audio-decoder-ogg-vorbis: bf7c407c2cedff20999df2af8eb42d56 -> 
========================================================================
Received Import Request.
  Time since last request: 1321907.311471 seconds.
  path: Assets/Prefabs
  artifactKey: Guid(704a79025d1ffe643bd0baf4a04249bd) Importer(815301076,1909f56bfc062723c751e8b465ee728b)
Start importing Assets/Prefabs using Guid(704a79025d1ffe643bd0baf4a04249bd) Importer(815301076,1909f56bfc062723c751e8b465ee728b)  -> (artifact id: '480ac0aedbd30e397d239a0314076a6b') in 0.030570 seconds 
========================================================================
Received Import Request.
  Time since last request: 236.264178 seconds.
  path: Assets/Prefabs/test.prefab
  artifactKey: Guid(f4b52af3fe160004da769965e0e1d508) Importer(815301076,1909f56bfc062723c751e8b465ee728b)
Start importing Assets/Prefabs/test.prefab using Guid(f4b52af3fe160004da769965e0e1d508) Importer(815301076,1909f56bfc062723c751e8b465ee728b)  -> (artifact id: 'fc967531811597a0685fb3bf29ba1bca') in 0.881461 seconds 
========================================================================
Received Import Request.
  Time since last request: 37.852929 seconds.
  path: Assets/Prefabs/test.prefab
  artifactKey: Guid(f4b52af3fe160004da769965e0e1d508) Importer(815301076,1909f56bfc062723c751e8b465ee728b)
Start importing Assets/Prefabs/test.prefab using Guid(f4b52af3fe160004da769965e0e1d508) Importer(815301076,1909f56bfc062723c751e8b465ee728b)  -> (artifact id: 'abb67e9dfd0dc9ef001d71b42cd3667e') in 0.276688 seconds 
========================================================================
Received Import Request.
  Time since last request: 90.854779 seconds.
  path: Assets/Prefabs/test.prefab
  artifactKey: Guid(f4b52af3fe160004da769965e0e1d508) Importer(815301076,1909f56bfc062723c751e8b465ee728b)
Start importing Assets/Prefabs/test.prefab using Guid(f4b52af3fe160004da769965e0e1d508) Importer(815301076,1909f56bfc062723c751e8b465ee728b)  -> (artifact id: '058e1aab04cfd578adc7897809730fe4') in 0.099445 seconds 
========================================================================
Received Import Request.
  Time since last request: 11.162943 seconds.
  path: Assets/Prefabs/test.prefab
  artifactKey: Guid(f4b52af3fe160004da769965e0e1d508) Importer(815301076,1909f56bfc062723c751e8b465ee728b)
Start importing Assets/Prefabs/test.prefab using Guid(f4b52af3fe160004da769965e0e1d508) Importer(815301076,1909f56bfc062723c751e8b465ee728b)  -> (artifact id: '6b9928c6a254dd4d4121cd591e55e53a') in 0.073376 seconds 
========================================================================
Received Import Request.
  Time since last request: 2.222785 seconds.
  path: Assets/Prefabs/test.prefab
  artifactKey: Guid(f4b52af3fe160004da769965e0e1d508) Importer(815301076,1909f56bfc062723c751e8b465ee728b)
Start importing Assets/Prefabs/test.prefab using Guid(f4b52af3fe160004da769965e0e1d508) Importer(815301076,1909f56bfc062723c751e8b465ee728b)  -> (artifact id: '2ea7b9530eae4f6967061669c185c311') in 0.090252 seconds 
========================================================================
Received Import Request.
  Time since last request: 2.003476 seconds.
  path: Assets/Prefabs/test.prefab
  artifactKey: Guid(f4b52af3fe160004da769965e0e1d508) Importer(815301076,1909f56bfc062723c751e8b465ee728b)
Start importing Assets/Prefabs/test.prefab using Guid(f4b52af3fe160004da769965e0e1d508) Importer(815301076,1909f56bfc062723c751e8b465ee728b)  -> (artifact id: 'edd0e21a1ea9d3d9b9e2aa034ec812b9') in 0.086042 seconds 
========================================================================
Received Import Request.
  Time since last request: 3.137853 seconds.
  path: Assets/Prefabs/test.prefab
  artifactKey: Guid(f4b52af3fe160004da769965e0e1d508) Importer(815301076,1909f56bfc062723c751e8b465ee728b)
Start importing Assets/Prefabs/test.prefab using Guid(f4b52af3fe160004da769965e0e1d508) Importer(815301076,1909f56bfc062723c751e8b465ee728b)  -> (artifact id: '1f80b0e61fa904410d4ec9b6b3e84091') in 0.100838 seconds 
========================================================================
Received Import Request.
  Time since last request: 9.782381 seconds.
  path: Assets/Prefabs/test.prefab
  artifactKey: Guid(f4b52af3fe160004da769965e0e1d508) Importer(815301076,1909f56bfc062723c751e8b465ee728b)
Start importing Assets/Prefabs/test.prefab using Guid(f4b52af3fe160004da769965e0e1d508) Importer(815301076,1909f56bfc062723c751e8b465ee728b)  -> (artifact id: 'c4803eb221d8622ded7c15781ec10d98') in 0.083644 seconds 
========================================================================
Received Import Request.
  Time since last request: 6.082918 seconds.
  path: Assets/Prefabs/test.prefab
  artifactKey: Guid(f4b52af3fe160004da769965e0e1d508) Importer(815301076,1909f56bfc062723c751e8b465ee728b)
Start importing Assets/Prefabs/test.prefab using Guid(f4b52af3fe160004da769965e0e1d508) Importer(815301076,1909f56bfc062723c751e8b465ee728b)  -> (artifact id: '62652dac138fdda3b746a4260772d860') in 0.072128 seconds 
========================================================================
Received Import Request.
  Time since last request: 3.610122 seconds.
  path: Assets/Prefabs/test.prefab
  artifactKey: Guid(f4b52af3fe160004da769965e0e1d508) Importer(815301076,1909f56bfc062723c751e8b465ee728b)
Start importing Assets/Prefabs/test.prefab using Guid(f4b52af3fe160004da769965e0e1d508) Importer(815301076,1909f56bfc062723c751e8b465ee728b)  -> (artifact id: '4f6bdc986b2e1941d1d03ecb54eaca2e') in 0.113671 seconds 
========================================================================
Received Import Request.
  Time since last request: 19.984807 seconds.
  path: Assets/Prefabs/test.prefab
  artifactKey: Guid(f4b52af3fe160004da769965e0e1d508) Importer(815301076,1909f56bfc062723c751e8b465ee728b)
Start importing Assets/Prefabs/test.prefab using Guid(f4b52af3fe160004da769965e0e1d508) Importer(815301076,1909f56bfc062723c751e8b465ee728b)  -> (artifact id: '90e8d038844bda6aa3bad3389a191995') in 0.154330 seconds 
========================================================================
Received Import Request.
  Time since last request: 12.826189 seconds.
  path: Assets/Prefabs/test.prefab
  artifactKey: Guid(f4b52af3fe160004da769965e0e1d508) Importer(815301076,1909f56bfc062723c751e8b465ee728b)
Start importing Assets/Prefabs/test.prefab using Guid(f4b52af3fe160004da769965e0e1d508) Importer(815301076,1909f56bfc062723c751e8b465ee728b)  -> (artifact id: 'dd9561fef7838546c6ec7271ead35461') in 0.085555 seconds 
========================================================================
Received Import Request.
  Time since last request: 2.636748 seconds.
  path: Assets/Prefabs/test.prefab
  artifactKey: Guid(f4b52af3fe160004da769965e0e1d508) Importer(815301076,1909f56bfc062723c751e8b465ee728b)
Start importing Assets/Prefabs/test.prefab using Guid(f4b52af3fe160004da769965e0e1d508) Importer(815301076,1909f56bfc062723c751e8b465ee728b)  -> (artifact id: '660d723e7121304db4fa84e5ffb62424') in 0.095226 seconds 
========================================================================
Received Import Request.
  Time since last request: 5.640474 seconds.
  path: Assets/Prefabs/test.prefab
  artifactKey: Guid(f4b52af3fe160004da769965e0e1d508) Importer(815301076,1909f56bfc062723c751e8b465ee728b)
Start importing Assets/Prefabs/test.prefab using Guid(f4b52af3fe160004da769965e0e1d508) Importer(815301076,1909f56bfc062723c751e8b465ee728b)  -> (artifact id: 'c34f498104767240dffa3e1d2d571d7c') in 0.094047 seconds 
========================================================================
Received Import Request.
  Time since last request: 10.533904 seconds.
  path: Assets/Prefabs/test.prefab
  artifactKey: Guid(f4b52af3fe160004da769965e0e1d508) Importer(815301076,1909f56bfc062723c751e8b465ee728b)
Start importing Assets/Prefabs/test.prefab using Guid(f4b52af3fe160004da769965e0e1d508) Importer(815301076,1909f56bfc062723c751e8b465ee728b)  -> (artifact id: 'ded019d38a5312c7108235a9cef78d29') in 0.090123 seconds 
========================================================================
Received Import Request.
  Time since last request: 7.895278 seconds.
  path: Assets/Prefabs/test.prefab
  artifactKey: Guid(f4b52af3fe160004da769965e0e1d508) Importer(815301076,1909f56bfc062723c751e8b465ee728b)
Start importing Assets/Prefabs/test.prefab using Guid(f4b52af3fe160004da769965e0e1d508) Importer(815301076,1909f56bfc062723c751e8b465ee728b)  -> (artifact id: '320d79501e66459cc452e6b4b345c7cd') in 0.113097 seconds 
========================================================================
Received Import Request.
  Time since last request: 10.952926 seconds.
  path: Assets/Prefabs/test.prefab
  artifactKey: Guid(f4b52af3fe160004da769965e0e1d508) Importer(815301076,1909f56bfc062723c751e8b465ee728b)
Start importing Assets/Prefabs/test.prefab using Guid(f4b52af3fe160004da769965e0e1d508) Importer(815301076,1909f56bfc062723c751e8b465ee728b)  -> (artifact id: '6b56804330194a6fca911948f4115dac') in 0.081996 seconds 
========================================================================
Received Import Request.
  Time since last request: 2.420338 seconds.
  path: Assets/Prefabs/test.prefab
  artifactKey: Guid(f4b52af3fe160004da769965e0e1d508) Importer(815301076,1909f56bfc062723c751e8b465ee728b)
Start importing Assets/Prefabs/test.prefab using Guid(f4b52af3fe160004da769965e0e1d508) Importer(815301076,1909f56bfc062723c751e8b465ee728b)  -> (artifact id: '8a17d2a022187cd1f6107b765f1e1d3e') in 0.082592 seconds 
========================================================================
Received Import Request.
  Time since last request: 2.840915 seconds.
  path: Assets/Prefabs/test.prefab
  artifactKey: Guid(f4b52af3fe160004da769965e0e1d508) Importer(815301076,1909f56bfc062723c751e8b465ee728b)
Start importing Assets/Prefabs/test.prefab using Guid(f4b52af3fe160004da769965e0e1d508) Importer(815301076,1909f56bfc062723c751e8b465ee728b)  -> (artifact id: '89aac90a7204f4ae772afef16fd70be1') in 0.091523 seconds 
========================================================================
Received Import Request.
  Time since last request: 13.230805 seconds.
  path: Assets/Prefabs/test.prefab
  artifactKey: Guid(f4b52af3fe160004da769965e0e1d508) Importer(815301076,1909f56bfc062723c751e8b465ee728b)
Start importing Assets/Prefabs/test.prefab using Guid(f4b52af3fe160004da769965e0e1d508) Importer(815301076,1909f56bfc062723c751e8b465ee728b)  -> (artifact id: '8376bdba0c7c6e1c739a209fef367049') in 0.081994 seconds 
========================================================================
Received Import Request.
  Time since last request: 2.432269 seconds.
  path: Assets/Prefabs/test.prefab
  artifactKey: Guid(f4b52af3fe160004da769965e0e1d508) Importer(815301076,1909f56bfc062723c751e8b465ee728b)
Start importing Assets/Prefabs/test.prefab using Guid(f4b52af3fe160004da769965e0e1d508) Importer(815301076,1909f56bfc062723c751e8b465ee728b)  -> (artifact id: '14ed05a66604701c004ddeaf98f39d9e') in 0.084665 seconds 
========================================================================
Received Import Request.
  Time since last request: 8.558393 seconds.
  path: Assets/Prefabs/test.prefab
  artifactKey: Guid(f4b52af3fe160004da769965e0e1d508) Importer(815301076,1909f56bfc062723c751e8b465ee728b)
Start importing Assets/Prefabs/test.prefab using Guid(f4b52af3fe160004da769965e0e1d508) Importer(815301076,1909f56bfc062723c751e8b465ee728b)  -> (artifact id: 'e0a1a67e98f5277694eaf96af1463c07') in 0.090448 seconds 
========================================================================
Received Import Request.
  Time since last request: 10.729048 seconds.
  path: Assets/Prefabs/test.prefab
  artifactKey: Guid(f4b52af3fe160004da769965e0e1d508) Importer(815301076,1909f56bfc062723c751e8b465ee728b)
Start importing Assets/Prefabs/test.prefab using Guid(f4b52af3fe160004da769965e0e1d508) Importer(815301076,1909f56bfc062723c751e8b465ee728b)  -> (artifact id: 'f3e23333369d053da37887d43638540d') in 0.120248 seconds 
========================================================================
Received Import Request.
  Time since last request: 6.850869 seconds.
  path: Assets/Prefabs/test.prefab
  artifactKey: Guid(f4b52af3fe160004da769965e0e1d508) Importer(815301076,1909f56bfc062723c751e8b465ee728b)
Start importing Assets/Prefabs/test.prefab using Guid(f4b52af3fe160004da769965e0e1d508) Importer(815301076,1909f56bfc062723c751e8b465ee728b)  -> (artifact id: 'cd81d8afff596da704e099699c2f1033') in 0.082917 seconds 
========================================================================
Received Import Request.
  Time since last request: 1.802357 seconds.
  path: Assets/Prefabs/test.prefab
  artifactKey: Guid(f4b52af3fe160004da769965e0e1d508) Importer(815301076,1909f56bfc062723c751e8b465ee728b)
Start importing Assets/Prefabs/test.prefab using Guid(f4b52af3fe160004da769965e0e1d508) Importer(815301076,1909f56bfc062723c751e8b465ee728b)  -> (artifact id: 'e2c612fb2b5c890cb81d7080e61b971d') in 0.098939 seconds 
========================================================================
Received Import Request.
  Time since last request: 14.612690 seconds.
  path: Assets/Prefabs/test.prefab
  artifactKey: Guid(f4b52af3fe160004da769965e0e1d508) Importer(815301076,1909f56bfc062723c751e8b465ee728b)
Start importing Assets/Prefabs/test.prefab using Guid(f4b52af3fe160004da769965e0e1d508) Importer(815301076,1909f56bfc062723c751e8b465ee728b)  -> (artifact id: 'f885f4f6f077b8a0d2cf3d243edf2ccc') in 0.118316 seconds 
========================================================================
Received Import Request.
  Time since last request: 1.957679 seconds.
  path: Assets/Prefabs/test.prefab
  artifactKey: Guid(f4b52af3fe160004da769965e0e1d508) Importer(815301076,1909f56bfc062723c751e8b465ee728b)
Start importing Assets/Prefabs/test.prefab using Guid(f4b52af3fe160004da769965e0e1d508) Importer(815301076,1909f56bfc062723c751e8b465ee728b)  -> (artifact id: 'd8ae908e41cbfbf099c92156f8216f27') in 0.077271 seconds 
========================================================================
Received Import Request.
  Time since last request: 6.060705 seconds.
  path: Assets/Prefabs/test.prefab
  artifactKey: Guid(f4b52af3fe160004da769965e0e1d508) Importer(815301076,1909f56bfc062723c751e8b465ee728b)
Start importing Assets/Prefabs/test.prefab using Guid(f4b52af3fe160004da769965e0e1d508) Importer(815301076,1909f56bfc062723c751e8b465ee728b)  -> (artifact id: '42caa7181169bcb0fea1e29ed4788413') in 0.083046 seconds 
========================================================================
Received Import Request.
  Time since last request: 10.587929 seconds.
  path: Assets/Prefabs/test.prefab
  artifactKey: Guid(f4b52af3fe160004da769965e0e1d508) Importer(815301076,1909f56bfc062723c751e8b465ee728b)
Start importing Assets/Prefabs/test.prefab using Guid(f4b52af3fe160004da769965e0e1d508) Importer(815301076,1909f56bfc062723c751e8b465ee728b)  -> (artifact id: '37a699c2def3f3acec0ede482584b89d') in 0.102614 seconds 
========================================================================
Received Import Request.
  Time since last request: 3.388812 seconds.
  path: Assets/Prefabs/test.prefab
  artifactKey: Guid(f4b52af3fe160004da769965e0e1d508) Importer(815301076,1909f56bfc062723c751e8b465ee728b)
Start importing Assets/Prefabs/test.prefab using Guid(f4b52af3fe160004da769965e0e1d508) Importer(815301076,1909f56bfc062723c751e8b465ee728b)  -> (artifact id: '5b3ba8ef75f5be1cc56e5095fc76b775') in 0.074822 seconds 
========================================================================
Received Import Request.
  Time since last request: 3.767305 seconds.
  path: Assets/Prefabs/test.prefab
  artifactKey: Guid(f4b52af3fe160004da769965e0e1d508) Importer(815301076,1909f56bfc062723c751e8b465ee728b)
Start importing Assets/Prefabs/test.prefab using Guid(f4b52af3fe160004da769965e0e1d508) Importer(815301076,1909f56bfc062723c751e8b465ee728b)  -> (artifact id: 'd394d3d29102375756816a876a8011d3') in 0.090912 seconds 
========================================================================
Received Import Request.
  Time since last request: 9.343421 seconds.
  path: Assets/Prefabs/test.prefab
  artifactKey: Guid(f4b52af3fe160004da769965e0e1d508) Importer(815301076,1909f56bfc062723c751e8b465ee728b)
Start importing Assets/Prefabs/test.prefab using Guid(f4b52af3fe160004da769965e0e1d508) Importer(815301076,1909f56bfc062723c751e8b465ee728b)  -> (artifact id: '6c3b523f0f08dc75fc66e4198f8bc7d8') in 0.102864 seconds 
========================================================================
Received Import Request.
  Time since last request: 12.899355 seconds.
  path: Assets/Prefabs/test.prefab
  artifactKey: Guid(f4b52af3fe160004da769965e0e1d508) Importer(815301076,1909f56bfc062723c751e8b465ee728b)
Start importing Assets/Prefabs/test.prefab using Guid(f4b52af3fe160004da769965e0e1d508) Importer(815301076,1909f56bfc062723c751e8b465ee728b)  -> (artifact id: '7a52d7575477da6ae91fee1c30161dec') in 0.087500 seconds 
========================================================================
Received Import Request.
  Time since last request: 5.292229 seconds.
  path: Assets/Prefabs/test.prefab
  artifactKey: Guid(f4b52af3fe160004da769965e0e1d508) Importer(815301076,1909f56bfc062723c751e8b465ee728b)
Start importing Assets/Prefabs/test.prefab using Guid(f4b52af3fe160004da769965e0e1d508) Importer(815301076,1909f56bfc062723c751e8b465ee728b)  -> (artifact id: '5897d31aa0c81b95a58765044d3ae560') in 0.084730 seconds 
========================================================================
Received Import Request.
  Time since last request: 6.048997 seconds.
  path: Assets/Prefabs/test.prefab
  artifactKey: Guid(f4b52af3fe160004da769965e0e1d508) Importer(815301076,1909f56bfc062723c751e8b465ee728b)
Start importing Assets/Prefabs/test.prefab using Guid(f4b52af3fe160004da769965e0e1d508) Importer(815301076,1909f56bfc062723c751e8b465ee728b)  -> (artifact id: '7117ab68fa53881778cd8c82daf3db6d') in 0.078412 seconds 
========================================================================
Received Import Request.
  Time since last request: 6.052102 seconds.
  path: Assets/Prefabs/test.prefab
  artifactKey: Guid(f4b52af3fe160004da769965e0e1d508) Importer(815301076,1909f56bfc062723c751e8b465ee728b)
Start importing Assets/Prefabs/test.prefab using Guid(f4b52af3fe160004da769965e0e1d508) Importer(815301076,1909f56bfc062723c751e8b465ee728b)  -> (artifact id: '71804945ceff02eab9d76b23ca7182aa') in 0.093356 seconds 
========================================================================
Received Import Request.
  Time since last request: 4.198843 seconds.
  path: Assets/Prefabs/test.prefab
  artifactKey: Guid(f4b52af3fe160004da769965e0e1d508) Importer(815301076,1909f56bfc062723c751e8b465ee728b)
Start importing Assets/Prefabs/test.prefab using Guid(f4b52af3fe160004da769965e0e1d508) Importer(815301076,1909f56bfc062723c751e8b465ee728b)  -> (artifact id: '19bcd20a5c78a42c058cb655976051a9') in 0.095282 seconds 
========================================================================
Received Prepare
Registering precompiled user dll's ...
Registered in 0.005906 seconds.
Begin MonoManager ReloadAssembly
Symbol file LoadedFromMemory doesn't match image D:\real-eastate-clone\Library\PackageCache\com.unity.visualscripting@1.7.8\Editor\VisualScripting.Core\Dependencies\YamlDotNet\Unity.VisualScripting.YamlDotNet.dll
Symbol file LoadedFromMemory doesn't match image D:\real-eastate-clone\Library\PackageCache\com.unity.visualscripting@1.7.8\Editor\VisualScripting.Core\Dependencies\DotNetZip\Unity.VisualScripting.IonicZip.dll
Native extension for WindowsStandalone target not found
Native extension for Android target not found
Native extension for WebGL target not found
Refreshing native plugins compatible for Editor in 1.30 ms, found 3 plugins.
Preloading 0 native plugins for Editor in 0.00 ms.
Mono: successfully reloaded assembly
- Completed reload, in  2.299 seconds
Domain Reload Profiling:
	ReloadAssembly (2301ms)
		BeginReloadAssembly (330ms)
			ExecutionOrderSort (0ms)
			DisableScriptedObjects (15ms)
			BackupInstance (0ms)
			ReleaseScriptingObjects (0ms)
			CreateAndSetChildDomain (108ms)
		EndReloadAssembly (1772ms)
			LoadAssemblies (219ms)
			RebuildTransferFunctionScriptingTraits (0ms)
			SetupTypeCache (601ms)
			ReleaseScriptCaches (4ms)
			RebuildScriptCaches (118ms)
			SetupLoadedEditorAssemblies (747ms)
				LogAssemblyErrors (0ms)
				InitializePlatformSupportModulesInManaged (52ms)
				SetLoadedEditorAssemblies (1ms)
				RefreshPlugins (1ms)
				BeforeProcessingInitializeOnLoad (143ms)
				ProcessInitializeOnLoadAttributes (462ms)
				ProcessInitializeOnLoadMethodAttributes (83ms)
				AfterProcessingInitializeOnLoad (5ms)
				EditorAssembliesLoaded (0ms)
			ExecutionOrderSort2 (0ms)
			AwakeInstancesAfterBackupRestoration (18ms)
Platform modules already initialized, skipping
Refreshing native plugins compatible for Editor in 3.76 ms, found 3 plugins.
Preloading 0 native plugins for Editor in 0.00 ms.
Unloading 3375 Unused Serialized files (Serialized files now loaded: 0)
Unloading 20 unused Assets / (79.9 KB). Loaded Objects now: 3852.
Memory consumption went from 121.6 MB to 121.5 MB.
Total: 6.358800 ms (FindLiveObjects: 0.504500 ms CreateObjectMapping: 0.162500 ms MarkObjects: 5.487600 ms  DeleteObjects: 0.201500 ms)

AssetImportParameters requested are different than current active one (requested -> active):
  custom:video-decoder-ogg-theora: a1e56fd34408186e4bbccfd4996cb3dc -> 
  custom:container-muxer-webm: aa71ff27fc2769a1b78a27578f13a17b -> 
  custom:container-demuxer-webm: 4f35f7cbe854078d1ac9338744f61a02 -> 
  custom:video-encoder-webm-vp8: eb34c28f22e8b96e1ab97ce403110664 -> 
  custom:audio-encoder-webm-vorbis: bf7c407c2cedff20999df2af8eb42d56 -> 
  custom:framework-win-MediaFoundation: 216162199b28c13a410421893ffa2e32 -> 
  custom:container-demuxer-ogg: 62fdf1f143b41e24485cea50d1cbac27 -> 
  custom:video-decoder-webm-vp8: 9c59270c3fd7afecdb556c50c9e8de78 -> 
  custom:audio-decoder-ogg-vorbis: bf7c407c2cedff20999df2af8eb42d56 -> 
========================================================================
Received Import Request.
  Time since last request: 246.855376 seconds.
  path: Assets
  artifactKey: Guid(00000000000000001000000000000000) Importer(815301076,1909f56bfc062723c751e8b465ee728b)
Start importing Assets using Guid(00000000000000001000000000000000) Importer(815301076,1909f56bfc062723c751e8b465ee728b)  -> (artifact id: '79842766b460edbeab6a34051e857a80') in 0.034603 seconds 
========================================================================
Received Import Request.
  Time since last request: 10.890325 seconds.
  path: Assets/PlayerMovement.cs
  artifactKey: Guid(0a4875acc65c2fd4aae5aa00570c86fa) Importer(815301076,1909f56bfc062723c751e8b465ee728b)
Start importing Assets/PlayerMovement.cs using Guid(0a4875acc65c2fd4aae5aa00570c86fa) Importer(815301076,1909f56bfc062723c751e8b465ee728b)  -> (artifact id: '218ca9bcae70237b8be686c92a41259a') in 0.044176 seconds 
========================================================================
Received Import Request.
  Time since last request: 8.776986 seconds.
  path: Assets/Scripts
  artifactKey: Guid(a97e5c2bdd2d5a246a10d1f1dc6f449f) Importer(815301076,1909f56bfc062723c751e8b465ee728b)
Start importing Assets/Scripts using Guid(a97e5c2bdd2d5a246a10d1f1dc6f449f) Importer(815301076,1909f56bfc062723c751e8b465ee728b)  -> (artifact id: '498ab1ac9f829b0be545697db10a6654') in 0.042212 seconds 
========================================================================
Received Prepare
Registering precompiled user dll's ...
Registered in 0.005125 seconds.
Begin MonoManager ReloadAssembly
Symbol file LoadedFromMemory doesn't match image D:\real-eastate-clone\Library\PackageCache\com.unity.visualscripting@1.7.8\Editor\VisualScripting.Core\Dependencies\YamlDotNet\Unity.VisualScripting.YamlDotNet.dll
Symbol file LoadedFromMemory doesn't match image D:\real-eastate-clone\Library\PackageCache\com.unity.visualscripting@1.7.8\Editor\VisualScripting.Core\Dependencies\DotNetZip\Unity.VisualScripting.IonicZip.dll
Native extension for WindowsStandalone target not found
Native extension for Android target not found
Native extension for WebGL target not found
Refreshing native plugins compatible for Editor in 1.29 ms, found 3 plugins.
Preloading 0 native plugins for Editor in 0.00 ms.
Mono: successfully reloaded assembly
- Completed reload, in  1.654 seconds
Domain Reload Profiling:
	ReloadAssembly (1656ms)
		BeginReloadAssembly (227ms)
			ExecutionOrderSort (0ms)
			DisableScriptedObjects (10ms)
			BackupInstance (0ms)
			ReleaseScriptingObjects (0ms)
			CreateAndSetChildDomain (66ms)
		EndReloadAssembly (1268ms)
			LoadAssemblies (159ms)
			RebuildTransferFunctionScriptingTraits (0ms)
			SetupTypeCache (403ms)
			ReleaseScriptCaches (2ms)
			RebuildScriptCaches (70ms)
			SetupLoadedEditorAssemblies (589ms)
				LogAssemblyErrors (0ms)
				InitializePlatformSupportModulesInManaged (36ms)
				SetLoadedEditorAssemblies (1ms)
				RefreshPlugins (1ms)
				BeforeProcessingInitializeOnLoad (87ms)
				ProcessInitializeOnLoadAttributes (410ms)
				ProcessInitializeOnLoadMethodAttributes (48ms)
				AfterProcessingInitializeOnLoad (5ms)
				EditorAssembliesLoaded (1ms)
			ExecutionOrderSort2 (0ms)
			AwakeInstancesAfterBackupRestoration (12ms)
Platform modules already initialized, skipping
Refreshing native plugins compatible for Editor in 4.02 ms, found 3 plugins.
Preloading 0 native plugins for Editor in 0.00 ms.
Unloading 3376 Unused Serialized files (Serialized files now loaded: 0)
Unloading 20 unused Assets / (79.8 KB). Loaded Objects now: 3856.
Memory consumption went from 121.6 MB to 121.5 MB.
Total: 8.750400 ms (FindLiveObjects: 0.972400 ms CreateObjectMapping: 0.873100 ms MarkObjects: 6.705100 ms  DeleteObjects: 0.195600 ms)

AssetImportParameters requested are different than current active one (requested -> active):
  custom:video-decoder-ogg-theora: a1e56fd34408186e4bbccfd4996cb3dc -> 
  custom:container-muxer-webm: aa71ff27fc2769a1b78a27578f13a17b -> 
  custom:container-demuxer-webm: 4f35f7cbe854078d1ac9338744f61a02 -> 
  custom:video-encoder-webm-vp8: eb34c28f22e8b96e1ab97ce403110664 -> 
  custom:audio-encoder-webm-vorbis: bf7c407c2cedff20999df2af8eb42d56 -> 
  custom:framework-win-MediaFoundation: 216162199b28c13a410421893ffa2e32 -> 
  custom:container-demuxer-ogg: 62fdf1f143b41e24485cea50d1cbac27 -> 
  custom:video-decoder-webm-vp8: 9c59270c3fd7afecdb556c50c9e8de78 -> 
  custom:audio-decoder-ogg-vorbis: bf7c407c2cedff20999df2af8eb42d56 -> 
========================================================================
Received Import Request.
  Time since last request: 112.843682 seconds.
  path: Assets/Scripts/PlayerMovement.cs
  artifactKey: Guid(0a4875acc65c2fd4aae5aa00570c86fa) Importer(815301076,1909f56bfc062723c751e8b465ee728b)
Start importing Assets/Scripts/PlayerMovement.cs using Guid(0a4875acc65c2fd4aae5aa00570c86fa) Importer(815301076,1909f56bfc062723c751e8b465ee728b)  -> (artifact id: '1cbce3220d3f813415d65e8cedb99d64') in 0.026428 seconds 
========================================================================
Received Prepare
Registering precompiled user dll's ...
Registered in 0.016261 seconds.
Begin MonoManager ReloadAssembly
Symbol file LoadedFromMemory doesn't match image D:\real-eastate-clone\Library\PackageCache\com.unity.visualscripting@1.7.8\Editor\VisualScripting.Core\Dependencies\YamlDotNet\Unity.VisualScripting.YamlDotNet.dll
Symbol file LoadedFromMemory doesn't match image D:\real-eastate-clone\Library\PackageCache\com.unity.visualscripting@1.7.8\Editor\VisualScripting.Core\Dependencies\DotNetZip\Unity.VisualScripting.IonicZip.dll
Native extension for WindowsStandalone target not found
Native extension for Android target not found
Native extension for WebGL target not found
Refreshing native plugins compatible for Editor in 1.71 ms, found 3 plugins.
Preloading 0 native plugins for Editor in 0.00 ms.
Mono: successfully reloaded assembly
- Completed reload, in  7.414 seconds
Domain Reload Profiling:
	ReloadAssembly (7422ms)
		BeginReloadAssembly (2626ms)
			ExecutionOrderSort (0ms)
			DisableScriptedObjects (102ms)
			BackupInstance (0ms)
			ReleaseScriptingObjects (0ms)
			CreateAndSetChildDomain (739ms)
		EndReloadAssembly (4171ms)
			LoadAssemblies (1042ms)
			RebuildTransferFunctionScriptingTraits (0ms)
			SetupTypeCache (1368ms)
			ReleaseScriptCaches (6ms)
			RebuildScriptCaches (235ms)
			SetupLoadedEditorAssemblies (1965ms)
				LogAssemblyErrors (0ms)
				InitializePlatformSupportModulesInManaged (179ms)
				SetLoadedEditorAssemblies (3ms)
				RefreshPlugins (12ms)
				BeforeProcessingInitializeOnLoad (250ms)
				ProcessInitializeOnLoadAttributes (1350ms)
				ProcessInitializeOnLoadMethodAttributes (163ms)
				AfterProcessingInitializeOnLoad (7ms)
				EditorAssembliesLoaded (2ms)
			ExecutionOrderSort2 (0ms)
			AwakeInstancesAfterBackupRestoration (47ms)
Platform modules already initialized, skipping
Refreshing native plugins compatible for Editor in 9.96 ms, found 3 plugins.
Preloading 0 native plugins for Editor in 0.00 ms.
Unloading 3376 Unused Serialized files (Serialized files now loaded: 0)
Unloading 20 unused Assets / (79.9 KB). Loaded Objects now: 3859.
Memory consumption went from 121.6 MB to 121.6 MB.
Total: 14.333200 ms (FindLiveObjects: 0.615200 ms CreateObjectMapping: 0.925900 ms MarkObjects: 11.568000 ms  DeleteObjects: 1.221100 ms)

AssetImportParameters requested are different than current active one (requested -> active):
  custom:video-decoder-ogg-theora: a1e56fd34408186e4bbccfd4996cb3dc -> 
  custom:container-muxer-webm: aa71ff27fc2769a1b78a27578f13a17b -> 
  custom:container-demuxer-webm: 4f35f7cbe854078d1ac9338744f61a02 -> 
  custom:video-encoder-webm-vp8: eb34c28f22e8b96e1ab97ce403110664 -> 
  custom:audio-encoder-webm-vorbis: bf7c407c2cedff20999df2af8eb42d56 -> 
  custom:framework-win-MediaFoundation: 216162199b28c13a410421893ffa2e32 -> 
  custom:container-demuxer-ogg: 62fdf1f143b41e24485cea50d1cbac27 -> 
  custom:video-decoder-webm-vp8: 9c59270c3fd7afecdb556c50c9e8de78 -> 
  custom:audio-decoder-ogg-vorbis: bf7c407c2cedff20999df2af8eb42d56 -> 
========================================================================
Received Prepare
Registering precompiled user dll's ...
Registered in 0.009145 seconds.
Begin MonoManager ReloadAssembly
Symbol file LoadedFromMemory doesn't match image D:\real-eastate-clone\Library\PackageCache\com.unity.visualscripting@1.7.8\Editor\VisualScripting.Core\Dependencies\YamlDotNet\Unity.VisualScripting.YamlDotNet.dll
Symbol file LoadedFromMemory doesn't match image D:\real-eastate-clone\Library\PackageCache\com.unity.visualscripting@1.7.8\Editor\VisualScripting.Core\Dependencies\DotNetZip\Unity.VisualScripting.IonicZip.dll
Native extension for WindowsStandalone target not found
Native extension for Android target not found
Native extension for WebGL target not found
Refreshing native plugins compatible for Editor in 3.43 ms, found 3 plugins.
Preloading 0 native plugins for Editor in 0.00 ms.
Mono: successfully reloaded assembly
- Completed reload, in 12.725 seconds
Domain Reload Profiling:
	ReloadAssembly (12733ms)
		BeginReloadAssembly (665ms)
			ExecutionOrderSort (0ms)
			DisableScriptedObjects (38ms)
			BackupInstance (0ms)
			ReleaseScriptingObjects (0ms)
			CreateAndSetChildDomain (119ms)
		EndReloadAssembly (11810ms)
			LoadAssemblies (469ms)
			RebuildTransferFunctionScriptingTraits (0ms)
			SetupTypeCache (910ms)
			ReleaseScriptCaches (4ms)
			RebuildScriptCaches (329ms)
			SetupLoadedEditorAssemblies (8943ms)
				LogAssemblyErrors (0ms)
				InitializePlatformSupportModulesInManaged (302ms)
				SetLoadedEditorAssemblies (5ms)
				RefreshPlugins (4ms)
				BeforeProcessingInitializeOnLoad (340ms)
				ProcessInitializeOnLoadAttributes (7248ms)
				ProcessInitializeOnLoadMethodAttributes (936ms)
				AfterProcessingInitializeOnLoad (106ms)
				EditorAssembliesLoaded (2ms)
			ExecutionOrderSort2 (0ms)
			AwakeInstancesAfterBackupRestoration (171ms)
Platform modules already initialized, skipping
Refreshing native plugins compatible for Editor in 5.40 ms, found 3 plugins.
Preloading 0 native plugins for Editor in 0.00 ms.
Unloading 3376 Unused Serialized files (Serialized files now loaded: 0)
Unloading 20 unused Assets / (79.9 KB). Loaded Objects now: 3862.
Memory consumption went from 121.6 MB to 121.6 MB.
Total: 7.525600 ms (FindLiveObjects: 0.543200 ms CreateObjectMapping: 0.478600 ms MarkObjects: 6.292800 ms  DeleteObjects: 0.208300 ms)

AssetImportParameters requested are different than current active one (requested -> active):
  custom:video-decoder-ogg-theora: a1e56fd34408186e4bbccfd4996cb3dc -> 
  custom:container-muxer-webm: aa71ff27fc2769a1b78a27578f13a17b -> 
  custom:container-demuxer-webm: 4f35f7cbe854078d1ac9338744f61a02 -> 
  custom:video-encoder-webm-vp8: eb34c28f22e8b96e1ab97ce403110664 -> 
  custom:audio-encoder-webm-vorbis: bf7c407c2cedff20999df2af8eb42d56 -> 
  custom:framework-win-MediaFoundation: 216162199b28c13a410421893ffa2e32 -> 
  custom:container-demuxer-ogg: 62fdf1f143b41e24485cea50d1cbac27 -> 
  custom:video-decoder-webm-vp8: 9c59270c3fd7afecdb556c50c9e8de78 -> 
  custom:audio-decoder-ogg-vorbis: bf7c407c2cedff20999df2af8eb42d56 -> 
========================================================================
Received Import Request.
  Time since last request: 173.398747 seconds.
  path: Assets/Scripts/PlayerFollower.cs
  artifactKey: Guid(58c98dfca67de6b4f9eec407ee27c252) Importer(815301076,1909f56bfc062723c751e8b465ee728b)
Start importing Assets/Scripts/PlayerFollower.cs using Guid(58c98dfca67de6b4f9eec407ee27c252) Importer(815301076,1909f56bfc062723c751e8b465ee728b)  -> (artifact id: '781968d4e276e53d1c6c247ca0d8ee44') in 0.034727 seconds 
========================================================================
Received Prepare
Registering precompiled user dll's ...
Registered in 0.007101 seconds.
Begin MonoManager ReloadAssembly
Symbol file LoadedFromMemory doesn't match image D:\real-eastate-clone\Library\PackageCache\com.unity.visualscripting@1.7.8\Editor\VisualScripting.Core\Dependencies\YamlDotNet\Unity.VisualScripting.YamlDotNet.dll
Symbol file LoadedFromMemory doesn't match image D:\real-eastate-clone\Library\PackageCache\com.unity.visualscripting@1.7.8\Editor\VisualScripting.Core\Dependencies\DotNetZip\Unity.VisualScripting.IonicZip.dll
Native extension for WindowsStandalone target not found
Native extension for Android target not found
Native extension for WebGL target not found
Refreshing native plugins compatible for Editor in 1.30 ms, found 3 plugins.
Preloading 0 native plugins for Editor in 0.00 ms.
Mono: successfully reloaded assembly
- Completed reload, in  2.436 seconds
Domain Reload Profiling:
	ReloadAssembly (2438ms)
		BeginReloadAssembly (369ms)
			ExecutionOrderSort (0ms)
			DisableScriptedObjects (20ms)
			BackupInstance (0ms)
			ReleaseScriptingObjects (0ms)
			CreateAndSetChildDomain (101ms)
		EndReloadAssembly (1865ms)
			LoadAssemblies (229ms)
			RebuildTransferFunctionScriptingTraits (0ms)
			SetupTypeCache (633ms)
			ReleaseScriptCaches (3ms)
			RebuildScriptCaches (91ms)
			SetupLoadedEditorAssemblies (876ms)
				LogAssemblyErrors (0ms)
				InitializePlatformSupportModulesInManaged (45ms)
				SetLoadedEditorAssemblies (1ms)
				RefreshPlugins (2ms)
				BeforeProcessingInitializeOnLoad (136ms)
				ProcessInitializeOnLoadAttributes (608ms)
				ProcessInitializeOnLoadMethodAttributes (78ms)
				AfterProcessingInitializeOnLoad (5ms)
				EditorAssembliesLoaded (0ms)
			ExecutionOrderSort2 (0ms)
			AwakeInstancesAfterBackupRestoration (17ms)
Platform modules already initialized, skipping
Refreshing native plugins compatible for Editor in 3.07 ms, found 3 plugins.
Preloading 0 native plugins for Editor in 0.00 ms.
Unloading 3377 Unused Serialized files (Serialized files now loaded: 0)
Unloading 20 unused Assets / (79.9 KB). Loaded Objects now: 3866.
Memory consumption went from 121.7 MB to 121.6 MB.
Total: 7.009400 ms (FindLiveObjects: 0.518500 ms CreateObjectMapping: 0.366400 ms MarkObjects: 5.724800 ms  DeleteObjects: 0.397200 ms)

AssetImportParameters requested are different than current active one (requested -> active):
  custom:video-decoder-ogg-theora: a1e56fd34408186e4bbccfd4996cb3dc -> 
  custom:container-muxer-webm: aa71ff27fc2769a1b78a27578f13a17b -> 
  custom:container-demuxer-webm: 4f35f7cbe854078d1ac9338744f61a02 -> 
  custom:video-encoder-webm-vp8: eb34c28f22e8b96e1ab97ce403110664 -> 
  custom:audio-encoder-webm-vorbis: bf7c407c2cedff20999df2af8eb42d56 -> 
  custom:framework-win-MediaFoundation: 216162199b28c13a410421893ffa2e32 -> 
  custom:container-demuxer-ogg: 62fdf1f143b41e24485cea50d1cbac27 -> 
  custom:video-decoder-webm-vp8: 9c59270c3fd7afecdb556c50c9e8de78 -> 
  custom:audio-decoder-ogg-vorbis: bf7c407c2cedff20999df2af8eb42d56 -> 
========================================================================
Received Import Request.
  Time since last request: 152.752416 seconds.
  path: Assets/Scripts/PlayerFollower.cs
  artifactKey: Guid(58c98dfca67de6b4f9eec407ee27c252) Importer(815301076,1909f56bfc062723c751e8b465ee728b)
Start importing Assets/Scripts/PlayerFollower.cs using Guid(58c98dfca67de6b4f9eec407ee27c252) Importer(815301076,1909f56bfc062723c751e8b465ee728b)  -> (artifact id: '601ab2e4c01cc5061e4816c5f7d8ca21') in 0.312334 seconds 
========================================================================
Received Import Request.
  Time since last request: 731.147893 seconds.
  path: Assets/Scripts/PlayerFollower.cs
  artifactKey: Guid(58c98dfca67de6b4f9eec407ee27c252) Importer(815301076,1909f56bfc062723c751e8b465ee728b)
Start importing Assets/Scripts/PlayerFollower.cs using Guid(58c98dfca67de6b4f9eec407ee27c252) Importer(815301076,1909f56bfc062723c751e8b465ee728b)  -> (artifact id: 'f146c277ed2e70d2ae989b07ef0c017f') in 0.039722 seconds 
========================================================================
Received Import Request.
  Time since last request: 17.429432 seconds.
  path: Assets/Scripts/PlayerFollower.cs
  artifactKey: Guid(58c98dfca67de6b4f9eec407ee27c252) Importer(815301076,1909f56bfc062723c751e8b465ee728b)
Start importing Assets/Scripts/PlayerFollower.cs using Guid(58c98dfca67de6b4f9eec407ee27c252) Importer(815301076,1909f56bfc062723c751e8b465ee728b)  -> (artifact id: '6dc16d1f2124cc67eee1ce54a157bac8') in 0.008294 seconds 
========================================================================
Received Prepare
Registering precompiled user dll's ...
Registered in 0.017164 seconds.
Begin MonoManager ReloadAssembly
Symbol file LoadedFromMemory doesn't match image D:\real-eastate-clone\Library\PackageCache\com.unity.visualscripting@1.7.8\Editor\VisualScripting.Core\Dependencies\YamlDotNet\Unity.VisualScripting.YamlDotNet.dll
Symbol file LoadedFromMemory doesn't match image D:\real-eastate-clone\Library\PackageCache\com.unity.visualscripting@1.7.8\Editor\VisualScripting.Core\Dependencies\DotNetZip\Unity.VisualScripting.IonicZip.dll
Native extension for WindowsStandalone target not found
Native extension for Android target not found
Native extension for WebGL target not found
Refreshing native plugins compatible for Editor in 2.76 ms, found 3 plugins.
Preloading 0 native plugins for Editor in 0.00 ms.
Mono: successfully reloaded assembly
- Completed reload, in  4.808 seconds
Domain Reload Profiling:
	ReloadAssembly (4825ms)
		BeginReloadAssembly (2006ms)
			ExecutionOrderSort (0ms)
			DisableScriptedObjects (122ms)
			BackupInstance (0ms)
			ReleaseScriptingObjects (1ms)
			CreateAndSetChildDomain (1013ms)
		EndReloadAssembly (2510ms)
			LoadAssemblies (389ms)
			RebuildTransferFunctionScriptingTraits (1ms)
			SetupTypeCache (987ms)
			ReleaseScriptCaches (4ms)
			RebuildScriptCaches (178ms)
			SetupLoadedEditorAssemblies (960ms)
				LogAssemblyErrors (0ms)
				InitializePlatformSupportModulesInManaged (162ms)
				SetLoadedEditorAssemblies (4ms)
				RefreshPlugins (5ms)
				BeforeProcessingInitializeOnLoad (216ms)
				ProcessInitializeOnLoadAttributes (511ms)
				ProcessInitializeOnLoadMethodAttributes (56ms)
				AfterProcessingInitializeOnLoad (5ms)
				EditorAssembliesLoaded (1ms)
			ExecutionOrderSort2 (0ms)
			AwakeInstancesAfterBackupRestoration (21ms)
Platform modules already initialized, skipping
Refreshing native plugins compatible for Editor in 6.07 ms, found 3 plugins.
Preloading 0 native plugins for Editor in 0.00 ms.
Unloading 3377 Unused Serialized files (Serialized files now loaded: 0)
Unloading 20 unused Assets / (79.9 KB). Loaded Objects now: 3869.
Memory consumption went from 121.7 MB to 121.6 MB.
Total: 19.583700 ms (FindLiveObjects: 0.535200 ms CreateObjectMapping: 0.911600 ms MarkObjects: 17.507800 ms  DeleteObjects: 0.625900 ms)

AssetImportParameters requested are different than current active one (requested -> active):
  custom:video-decoder-ogg-theora: a1e56fd34408186e4bbccfd4996cb3dc -> 
  custom:container-muxer-webm: aa71ff27fc2769a1b78a27578f13a17b -> 
  custom:container-demuxer-webm: 4f35f7cbe854078d1ac9338744f61a02 -> 
  custom:video-encoder-webm-vp8: eb34c28f22e8b96e1ab97ce403110664 -> 
  custom:audio-encoder-webm-vorbis: bf7c407c2cedff20999df2af8eb42d56 -> 
  custom:framework-win-MediaFoundation: 216162199b28c13a410421893ffa2e32 -> 
  custom:container-demuxer-ogg: 62fdf1f143b41e24485cea50d1cbac27 -> 
  custom:video-decoder-webm-vp8: 9c59270c3fd7afecdb556c50c9e8de78 -> 
  custom:audio-decoder-ogg-vorbis: bf7c407c2cedff20999df2af8eb42d56 -> 
========================================================================
Received Prepare
Registering precompiled user dll's ...
Registered in 0.014340 seconds.
Begin MonoManager ReloadAssembly
Symbol file LoadedFromMemory doesn't match image D:\real-eastate-clone\Library\PackageCache\com.unity.visualscripting@1.7.8\Editor\VisualScripting.Core\Dependencies\YamlDotNet\Unity.VisualScripting.YamlDotNet.dll
Symbol file LoadedFromMemory doesn't match image D:\real-eastate-clone\Library\PackageCache\com.unity.visualscripting@1.7.8\Editor\VisualScripting.Core\Dependencies\DotNetZip\Unity.VisualScripting.IonicZip.dll
Native extension for WindowsStandalone target not found
Native extension for Android target not found
Native extension for WebGL target not found
Refreshing native plugins compatible for Editor in 2.39 ms, found 3 plugins.
Preloading 0 native plugins for Editor in 0.00 ms.
Mono: successfully reloaded assembly
- Completed reload, in  3.612 seconds
Domain Reload Profiling:
	ReloadAssembly (3613ms)
		BeginReloadAssembly (378ms)
			ExecutionOrderSort (0ms)
			DisableScriptedObjects (11ms)
			BackupInstance (0ms)
			ReleaseScriptingObjects (0ms)
			CreateAndSetChildDomain (87ms)
		EndReloadAssembly (2958ms)
			LoadAssemblies (307ms)
			RebuildTransferFunctionScriptingTraits (0ms)
			SetupTypeCache (858ms)
			ReleaseScriptCaches (4ms)
			RebuildScriptCaches (217ms)
			SetupLoadedEditorAssemblies (1429ms)
				LogAssemblyErrors (0ms)
				InitializePlatformSupportModulesInManaged (67ms)
				SetLoadedEditorAssemblies (2ms)
				RefreshPlugins (3ms)
				BeforeProcessingInitializeOnLoad (193ms)
				ProcessInitializeOnLoadAttributes (1055ms)
				ProcessInitializeOnLoadMethodAttributes (97ms)
				AfterProcessingInitializeOnLoad (11ms)
				EditorAssembliesLoaded (1ms)
			ExecutionOrderSort2 (0ms)
			AwakeInstancesAfterBackupRestoration (23ms)
Platform modules already initialized, skipping
Refreshing native plugins compatible for Editor in 10.13 ms, found 3 plugins.
Preloading 0 native plugins for Editor in 0.00 ms.
Unloading 3377 Unused Serialized files (Serialized files now loaded: 0)
Unloading 20 unused Assets / (79.9 KB). Loaded Objects now: 3872.
Memory consumption went from 121.7 MB to 121.6 MB.
Total: 14.123000 ms (FindLiveObjects: 0.833100 ms CreateObjectMapping: 5.594600 ms MarkObjects: 7.460600 ms  DeleteObjects: 0.232200 ms)

AssetImportParameters requested are different than current active one (requested -> active):
  custom:video-decoder-ogg-theora: a1e56fd34408186e4bbccfd4996cb3dc -> 
  custom:container-muxer-webm: aa71ff27fc2769a1b78a27578f13a17b -> 
  custom:container-demuxer-webm: 4f35f7cbe854078d1ac9338744f61a02 -> 
  custom:video-encoder-webm-vp8: eb34c28f22e8b96e1ab97ce403110664 -> 
  custom:audio-encoder-webm-vorbis: bf7c407c2cedff20999df2af8eb42d56 -> 
  custom:framework-win-MediaFoundation: 216162199b28c13a410421893ffa2e32 -> 
  custom:container-demuxer-ogg: 62fdf1f143b41e24485cea50d1cbac27 -> 
  custom:video-decoder-webm-vp8: 9c59270c3fd7afecdb556c50c9e8de78 -> 
  custom:audio-decoder-ogg-vorbis: bf7c407c2cedff20999df2af8eb42d56 -> 
========================================================================
Received Prepare
Registering precompiled user dll's ...
Registered in 0.008689 seconds.
Begin MonoManager ReloadAssembly
Symbol file LoadedFromMemory doesn't match image D:\real-eastate-clone\Library\PackageCache\com.unity.visualscripting@1.7.8\Editor\VisualScripting.Core\Dependencies\YamlDotNet\Unity.VisualScripting.YamlDotNet.dll
Symbol file LoadedFromMemory doesn't match image D:\real-eastate-clone\Library\PackageCache\com.unity.visualscripting@1.7.8\Editor\VisualScripting.Core\Dependencies\DotNetZip\Unity.VisualScripting.IonicZip.dll
Native extension for WindowsStandalone target not found
Native extension for Android target not found
Native extension for WebGL target not found
Refreshing native plugins compatible for Editor in 1.48 ms, found 3 plugins.
Preloading 0 native plugins for Editor in 0.00 ms.
Mono: successfully reloaded assembly
- Completed reload, in  2.767 seconds
Domain Reload Profiling:
	ReloadAssembly (2769ms)
		BeginReloadAssembly (353ms)
			ExecutionOrderSort (0ms)
			DisableScriptedObjects (13ms)
			BackupInstance (0ms)
			ReleaseScriptingObjects (0ms)
			CreateAndSetChildDomain (102ms)
		EndReloadAssembly (2168ms)
			LoadAssemblies (237ms)
			RebuildTransferFunctionScriptingTraits (0ms)
			SetupTypeCache (711ms)
			ReleaseScriptCaches (5ms)
			RebuildScriptCaches (126ms)
			SetupLoadedEditorAssemblies (999ms)
				LogAssemblyErrors (0ms)
				InitializePlatformSupportModulesInManaged (60ms)
				SetLoadedEditorAssemblies (1ms)
				RefreshPlugins (2ms)
				BeforeProcessingInitializeOnLoad (167ms)
				ProcessInitializeOnLoadAttributes (687ms)
				ProcessInitializeOnLoadMethodAttributes (77ms)
				AfterProcessingInitializeOnLoad (5ms)
				EditorAssembliesLoaded (0ms)
			ExecutionOrderSort2 (0ms)
			AwakeInstancesAfterBackupRestoration (18ms)
Platform modules already initialized, skipping
Refreshing native plugins compatible for Editor in 5.20 ms, found 3 plugins.
Preloading 0 native plugins for Editor in 0.00 ms.
Unloading 3377 Unused Serialized files (Serialized files now loaded: 0)
Unloading 20 unused Assets / (79.9 KB). Loaded Objects now: 3875.
Memory consumption went from 121.7 MB to 121.6 MB.
Total: 8.627000 ms (FindLiveObjects: 1.195200 ms CreateObjectMapping: 1.102000 ms MarkObjects: 6.114400 ms  DeleteObjects: 0.213000 ms)

AssetImportParameters requested are different than current active one (requested -> active):
  custom:video-decoder-ogg-theora: a1e56fd34408186e4bbccfd4996cb3dc -> 
  custom:container-muxer-webm: aa71ff27fc2769a1b78a27578f13a17b -> 
  custom:container-demuxer-webm: 4f35f7cbe854078d1ac9338744f61a02 -> 
  custom:video-encoder-webm-vp8: eb34c28f22e8b96e1ab97ce403110664 -> 
  custom:audio-encoder-webm-vorbis: bf7c407c2cedff20999df2af8eb42d56 -> 
  custom:framework-win-MediaFoundation: 216162199b28c13a410421893ffa2e32 -> 
  custom:container-demuxer-ogg: 62fdf1f143b41e24485cea50d1cbac27 -> 
  custom:video-decoder-webm-vp8: 9c59270c3fd7afecdb556c50c9e8de78 -> 
  custom:audio-decoder-ogg-vorbis: bf7c407c2cedff20999df2af8eb42d56 -> 
========================================================================
Received Prepare
Registering precompiled user dll's ...
Registered in 0.004978 seconds.
Begin MonoManager ReloadAssembly
Symbol file LoadedFromMemory doesn't match image D:\real-eastate-clone\Library\PackageCache\com.unity.visualscripting@1.7.8\Editor\VisualScripting.Core\Dependencies\YamlDotNet\Unity.VisualScripting.YamlDotNet.dll
Symbol file LoadedFromMemory doesn't match image D:\real-eastate-clone\Library\PackageCache\com.unity.visualscripting@1.7.8\Editor\VisualScripting.Core\Dependencies\DotNetZip\Unity.VisualScripting.IonicZip.dll
Native extension for WindowsStandalone target not found
Native extension for Android target not found
Native extension for WebGL target not found
Refreshing native plugins compatible for Editor in 3.04 ms, found 3 plugins.
Preloading 0 native plugins for Editor in 0.00 ms.
Mono: successfully reloaded assembly
- Completed reload, in  2.428 seconds
Domain Reload Profiling:
	ReloadAssembly (2431ms)
		BeginReloadAssembly (279ms)
			ExecutionOrderSort (0ms)
			DisableScriptedObjects (11ms)
			BackupInstance (0ms)
			ReleaseScriptingObjects (0ms)
			CreateAndSetChildDomain (72ms)
		EndReloadAssembly (1912ms)
			LoadAssemblies (203ms)
			RebuildTransferFunctionScriptingTraits (0ms)
			SetupTypeCache (577ms)
			ReleaseScriptCaches (4ms)
			RebuildScriptCaches (124ms)
			SetupLoadedEditorAssemblies (891ms)
				LogAssemblyErrors (0ms)
				InitializePlatformSupportModulesInManaged (68ms)
				SetLoadedEditorAssemblies (3ms)
				RefreshPlugins (3ms)
				BeforeProcessingInitializeOnLoad (133ms)
				ProcessInitializeOnLoadAttributes (590ms)
				ProcessInitializeOnLoadMethodAttributes (87ms)
				AfterProcessingInitializeOnLoad (6ms)
				EditorAssembliesLoaded (1ms)
			ExecutionOrderSort2 (0ms)
			AwakeInstancesAfterBackupRestoration (18ms)
Platform modules already initialized, skipping
Refreshing native plugins compatible for Editor in 5.82 ms, found 3 plugins.
Preloading 0 native plugins for Editor in 0.00 ms.
Unloading 3377 Unused Serialized files (Serialized files now loaded: 0)
Unloading 20 unused Assets / (79.9 KB). Loaded Objects now: 3878.
Memory consumption went from 121.7 MB to 121.6 MB.
Total: 7.006200 ms (FindLiveObjects: 0.605300 ms CreateObjectMapping: 0.560300 ms MarkObjects: 5.682500 ms  DeleteObjects: 0.155900 ms)

AssetImportParameters requested are different than current active one (requested -> active):
  custom:video-decoder-ogg-theora: a1e56fd34408186e4bbccfd4996cb3dc -> 
  custom:container-muxer-webm: aa71ff27fc2769a1b78a27578f13a17b -> 
  custom:container-demuxer-webm: 4f35f7cbe854078d1ac9338744f61a02 -> 
  custom:video-encoder-webm-vp8: eb34c28f22e8b96e1ab97ce403110664 -> 
  custom:audio-encoder-webm-vorbis: bf7c407c2cedff20999df2af8eb42d56 -> 
  custom:framework-win-MediaFoundation: 216162199b28c13a410421893ffa2e32 -> 
  custom:container-demuxer-ogg: 62fdf1f143b41e24485cea50d1cbac27 -> 
  custom:video-decoder-webm-vp8: 9c59270c3fd7afecdb556c50c9e8de78 -> 
  custom:audio-decoder-ogg-vorbis: bf7c407c2cedff20999df2af8eb42d56 -> 
========================================================================
Received Prepare
Registering precompiled user dll's ...
Registered in 0.007947 seconds.
Begin MonoManager ReloadAssembly
Symbol file LoadedFromMemory doesn't match image D:\real-eastate-clone\Library\PackageCache\com.unity.visualscripting@1.7.8\Editor\VisualScripting.Core\Dependencies\YamlDotNet\Unity.VisualScripting.YamlDotNet.dll
Symbol file LoadedFromMemory doesn't match image D:\real-eastate-clone\Library\PackageCache\com.unity.visualscripting@1.7.8\Editor\VisualScripting.Core\Dependencies\DotNetZip\Unity.VisualScripting.IonicZip.dll
Native extension for WindowsStandalone target not found
Native extension for Android target not found
Native extension for WebGL target not found
Refreshing native plugins compatible for Editor in 2.18 ms, found 3 plugins.
Preloading 0 native plugins for Editor in 0.00 ms.
Mono: successfully reloaded assembly
- Completed reload, in  3.209 seconds
Domain Reload Profiling:
	ReloadAssembly (3213ms)
		BeginReloadAssembly (588ms)
			ExecutionOrderSort (0ms)
			DisableScriptedObjects (26ms)
			BackupInstance (0ms)
			ReleaseScriptingObjects (0ms)
			CreateAndSetChildDomain (175ms)
		EndReloadAssembly (2370ms)
			LoadAssemblies (430ms)
			RebuildTransferFunctionScriptingTraits (0ms)
			SetupTypeCache (783ms)
			ReleaseScriptCaches (4ms)
			RebuildScriptCaches (147ms)
			SetupLoadedEditorAssemblies (1006ms)
				LogAssemblyErrors (0ms)
				InitializePlatformSupportModulesInManaged (70ms)
				SetLoadedEditorAssemblies (2ms)
				RefreshPlugins (2ms)
				BeforeProcessingInitializeOnLoad (172ms)
				ProcessInitializeOnLoadAttributes (672ms)
				ProcessInitializeOnLoadMethodAttributes (80ms)
				AfterProcessingInitializeOnLoad (7ms)
				EditorAssembliesLoaded (1ms)
			ExecutionOrderSort2 (0ms)
			AwakeInstancesAfterBackupRestoration (19ms)
Platform modules already initialized, skipping
Refreshing native plugins compatible for Editor in 3.69 ms, found 3 plugins.
Preloading 0 native plugins for Editor in 0.00 ms.
Unloading 3377 Unused Serialized files (Serialized files now loaded: 0)
Unloading 20 unused Assets / (79.9 KB). Loaded Objects now: 3881.
Memory consumption went from 121.7 MB to 121.6 MB.
Total: 8.503300 ms (FindLiveObjects: 0.701100 ms CreateObjectMapping: 0.668300 ms MarkObjects: 6.752600 ms  DeleteObjects: 0.377700 ms)

AssetImportParameters requested are different than current active one (requested -> active):
  custom:video-decoder-ogg-theora: a1e56fd34408186e4bbccfd4996cb3dc -> 
  custom:container-muxer-webm: aa71ff27fc2769a1b78a27578f13a17b -> 
  custom:container-demuxer-webm: 4f35f7cbe854078d1ac9338744f61a02 -> 
  custom:video-encoder-webm-vp8: eb34c28f22e8b96e1ab97ce403110664 -> 
  custom:audio-encoder-webm-vorbis: bf7c407c2cedff20999df2af8eb42d56 -> 
  custom:framework-win-MediaFoundation: 216162199b28c13a410421893ffa2e32 -> 
  custom:container-demuxer-ogg: 62fdf1f143b41e24485cea50d1cbac27 -> 
  custom:video-decoder-webm-vp8: 9c59270c3fd7afecdb556c50c9e8de78 -> 
  custom:audio-decoder-ogg-vorbis: bf7c407c2cedff20999df2af8eb42d56 -> 
========================================================================
Received Prepare
Registering precompiled user dll's ...
Registered in 0.014759 seconds.
Begin MonoManager ReloadAssembly
Symbol file LoadedFromMemory doesn't match image D:\real-eastate-clone\Library\PackageCache\com.unity.visualscripting@1.7.8\Editor\VisualScripting.Core\Dependencies\YamlDotNet\Unity.VisualScripting.YamlDotNet.dll
Symbol file LoadedFromMemory doesn't match image D:\real-eastate-clone\Library\PackageCache\com.unity.visualscripting@1.7.8\Editor\VisualScripting.Core\Dependencies\DotNetZip\Unity.VisualScripting.IonicZip.dll
Native extension for WindowsStandalone target not found
Native extension for Android target not found
Native extension for WebGL target not found
Refreshing native plugins compatible for Editor in 1.21 ms, found 3 plugins.
Preloading 0 native plugins for Editor in 0.00 ms.
Mono: successfully reloaded assembly
- Completed reload, in  3.982 seconds
Domain Reload Profiling:
	ReloadAssembly (3985ms)
		BeginReloadAssembly (558ms)
			ExecutionOrderSort (0ms)
			DisableScriptedObjects (17ms)
			BackupInstance (0ms)
			ReleaseScriptingObjects (0ms)
			CreateAndSetChildDomain (161ms)
		EndReloadAssembly (3016ms)
			LoadAssemblies (362ms)
			RebuildTransferFunctionScriptingTraits (0ms)
			SetupTypeCache (1043ms)
			ReleaseScriptCaches (4ms)
			RebuildScriptCaches (183ms)
			SetupLoadedEditorAssemblies (1297ms)
				LogAssemblyErrors (0ms)
				InitializePlatformSupportModulesInManaged (123ms)
				SetLoadedEditorAssemblies (1ms)
				RefreshPlugins (1ms)
				BeforeProcessingInitializeOnLoad (225ms)
				ProcessInitializeOnLoadAttributes (844ms)
				ProcessInitializeOnLoadMethodAttributes (91ms)
				AfterProcessingInitializeOnLoad (10ms)
				EditorAssembliesLoaded (1ms)
			ExecutionOrderSort2 (0ms)
			AwakeInstancesAfterBackupRestoration (27ms)
Platform modules already initialized, skipping
Refreshing native plugins compatible for Editor in 5.44 ms, found 3 plugins.
Preloading 0 native plugins for Editor in 0.00 ms.
Unloading 3377 Unused Serialized files (Serialized files now loaded: 0)
Unloading 20 unused Assets / (79.9 KB). Loaded Objects now: 3884.
Memory consumption went from 121.7 MB to 121.6 MB.
Total: 10.037500 ms (FindLiveObjects: 0.613100 ms CreateObjectMapping: 1.246800 ms MarkObjects: 7.815500 ms  DeleteObjects: 0.358200 ms)

AssetImportParameters requested are different than current active one (requested -> active):
  custom:video-decoder-ogg-theora: a1e56fd34408186e4bbccfd4996cb3dc -> 
  custom:container-muxer-webm: aa71ff27fc2769a1b78a27578f13a17b -> 
  custom:container-demuxer-webm: 4f35f7cbe854078d1ac9338744f61a02 -> 
  custom:video-encoder-webm-vp8: eb34c28f22e8b96e1ab97ce403110664 -> 
  custom:audio-encoder-webm-vorbis: bf7c407c2cedff20999df2af8eb42d56 -> 
  custom:framework-win-MediaFoundation: 216162199b28c13a410421893ffa2e32 -> 
  custom:container-demuxer-ogg: 62fdf1f143b41e24485cea50d1cbac27 -> 
  custom:video-decoder-webm-vp8: 9c59270c3fd7afecdb556c50c9e8de78 -> 
  custom:audio-decoder-ogg-vorbis: bf7c407c2cedff20999df2af8eb42d56 -> 
========================================================================
Received Prepare
Registering precompiled user dll's ...
Registered in 0.006483 seconds.
Begin MonoManager ReloadAssembly
Symbol file LoadedFromMemory doesn't match image D:\real-eastate-clone\Library\PackageCache\com.unity.visualscripting@1.7.8\Editor\VisualScripting.Core\Dependencies\YamlDotNet\Unity.VisualScripting.YamlDotNet.dll
Symbol file LoadedFromMemory doesn't match image D:\real-eastate-clone\Library\PackageCache\com.unity.visualscripting@1.7.8\Editor\VisualScripting.Core\Dependencies\DotNetZip\Unity.VisualScripting.IonicZip.dll
Native extension for WindowsStandalone target not found
Native extension for Android target not found
Native extension for WebGL target not found
Refreshing native plugins compatible for Editor in 1.70 ms, found 3 plugins.
Preloading 0 native plugins for Editor in 0.00 ms.
Mono: successfully reloaded assembly
- Completed reload, in  2.483 seconds
Domain Reload Profiling:
	ReloadAssembly (2485ms)
		BeginReloadAssembly (294ms)
			ExecutionOrderSort (0ms)
			DisableScriptedObjects (11ms)
			BackupInstance (0ms)
			ReleaseScriptingObjects (0ms)
			CreateAndSetChildDomain (79ms)
		EndReloadAssembly (1974ms)
			LoadAssemblies (207ms)
			RebuildTransferFunctionScriptingTraits (0ms)
			SetupTypeCache (566ms)
			ReleaseScriptCaches (2ms)
			RebuildScriptCaches (108ms)
			SetupLoadedEditorAssemblies (953ms)
				LogAssemblyErrors (0ms)
				InitializePlatformSupportModulesInManaged (71ms)
				SetLoadedEditorAssemblies (2ms)
				RefreshPlugins (2ms)
				BeforeProcessingInitializeOnLoad (164ms)
				ProcessInitializeOnLoadAttributes (624ms)
				ProcessInitializeOnLoadMethodAttributes (84ms)
				AfterProcessingInitializeOnLoad (6ms)
				EditorAssembliesLoaded (1ms)
			ExecutionOrderSort2 (0ms)
			AwakeInstancesAfterBackupRestoration (23ms)
Platform modules already initialized, skipping
Refreshing native plugins compatible for Editor in 4.92 ms, found 3 plugins.
Preloading 0 native plugins for Editor in 0.00 ms.
Unloading 3377 Unused Serialized files (Serialized files now loaded: 0)
Unloading 20 unused Assets / (79.9 KB). Loaded Objects now: 3887.
Memory consumption went from 121.7 MB to 121.7 MB.
Total: 8.034000 ms (FindLiveObjects: 1.023300 ms CreateObjectMapping: 1.000300 ms MarkObjects: 5.754000 ms  DeleteObjects: 0.248700 ms)

AssetImportParameters requested are different than current active one (requested -> active):
  custom:video-decoder-ogg-theora: a1e56fd34408186e4bbccfd4996cb3dc -> 
  custom:container-muxer-webm: aa71ff27fc2769a1b78a27578f13a17b -> 
  custom:container-demuxer-webm: 4f35f7cbe854078d1ac9338744f61a02 -> 
  custom:video-encoder-webm-vp8: eb34c28f22e8b96e1ab97ce403110664 -> 
  custom:audio-encoder-webm-vorbis: bf7c407c2cedff20999df2af8eb42d56 -> 
  custom:framework-win-MediaFoundation: 216162199b28c13a410421893ffa2e32 -> 
  custom:container-demuxer-ogg: 62fdf1f143b41e24485cea50d1cbac27 -> 
  custom:video-decoder-webm-vp8: 9c59270c3fd7afecdb556c50c9e8de78 -> 
  custom:audio-decoder-ogg-vorbis: bf7c407c2cedff20999df2af8eb42d56 -> 
========================================================================
Received Prepare
Refreshing native plugins compatible for Editor in 17.44 ms, found 3 plugins.
Preloading 0 native plugins for Editor in 0.00 ms.
Unloading 20 Unused Serialized files (Serialized files now loaded: 0)
Unloading 20 unused Assets / (77.1 KB). Loaded Objects now: 3887.
Memory consumption went from 54.6 MB to 54.5 MB.
Total: 50.524700 ms (FindLiveObjects: 0.749800 ms CreateObjectMapping: 0.675100 ms MarkObjects: 48.620900 ms  DeleteObjects: 0.474700 ms)

AssetImportParameters requested are different than current active one (requested -> active):
  custom:video-decoder-ogg-theora: a1e56fd34408186e4bbccfd4996cb3dc -> 
  custom:container-muxer-webm: aa71ff27fc2769a1b78a27578f13a17b -> 
  custom:container-demuxer-webm: 4f35f7cbe854078d1ac9338744f61a02 -> 
  custom:video-encoder-webm-vp8: eb34c28f22e8b96e1ab97ce403110664 -> 
  custom:audio-encoder-webm-vorbis: bf7c407c2cedff20999df2af8eb42d56 -> 
  custom:framework-win-MediaFoundation: 216162199b28c13a410421893ffa2e32 -> 
  custom:container-demuxer-ogg: 62fdf1f143b41e24485cea50d1cbac27 -> 
  custom:video-decoder-webm-vp8: 9c59270c3fd7afecdb556c50c9e8de78 -> 
  custom:audio-decoder-ogg-vorbis: bf7c407c2cedff20999df2af8eb42d56 -> 
========================================================================
Received Prepare
Refreshing native plugins compatible for Editor in 12.45 ms, found 3 plugins.
Preloading 0 native plugins for Editor in 0.00 ms.
Unloading 20 Unused Serialized files (Serialized files now loaded: 0)
Unloading 20 unused Assets / (77.1 KB). Loaded Objects now: 3887.
Memory consumption went from 54.6 MB to 54.5 MB.
Total: 9.517500 ms (FindLiveObjects: 0.829400 ms CreateObjectMapping: 0.777400 ms MarkObjects: 7.652900 ms  DeleteObjects: 0.253700 ms)

AssetImportParameters requested are different than current active one (requested -> active):
  custom:video-decoder-ogg-theora: a1e56fd34408186e4bbccfd4996cb3dc -> 
  custom:container-muxer-webm: aa71ff27fc2769a1b78a27578f13a17b -> 
  custom:container-demuxer-webm: 4f35f7cbe854078d1ac9338744f61a02 -> 
  custom:video-encoder-webm-vp8: eb34c28f22e8b96e1ab97ce403110664 -> 
  custom:audio-encoder-webm-vorbis: bf7c407c2cedff20999df2af8eb42d56 -> 
  custom:framework-win-MediaFoundation: 216162199b28c13a410421893ffa2e32 -> 
  custom:container-demuxer-ogg: 62fdf1f143b41e24485cea50d1cbac27 -> 
  custom:video-decoder-webm-vp8: 9c59270c3fd7afecdb556c50c9e8de78 -> 
  custom:audio-decoder-ogg-vorbis: bf7c407c2cedff20999df2af8eb42d56 -> 
========================================================================
Received Prepare
Registering precompiled user dll's ...
Registered in 0.050745 seconds.
Begin MonoManager ReloadAssembly
Symbol file LoadedFromMemory doesn't match image D:\real-eastate-clone\Library\PackageCache\com.unity.visualscripting@1.7.8\Editor\VisualScripting.Core\Dependencies\YamlDotNet\Unity.VisualScripting.YamlDotNet.dll
Symbol file LoadedFromMemory doesn't match image D:\real-eastate-clone\Library\PackageCache\com.unity.visualscripting@1.7.8\Editor\VisualScripting.Core\Dependencies\DotNetZip\Unity.VisualScripting.IonicZip.dll
Native extension for WindowsStandalone target not found
Native extension for Android target not found
Native extension for WebGL target not found
Refreshing native plugins compatible for Editor in 14.26 ms, found 3 plugins.
Preloading 0 native plugins for Editor in 0.00 ms.
Mono: successfully reloaded assembly
- Completed reload, in 47.174 seconds
Domain Reload Profiling:
	ReloadAssembly (47230ms)
		BeginReloadAssembly (36659ms)
			ExecutionOrderSort (1ms)
			DisableScriptedObjects (2183ms)
			BackupInstance (0ms)
			ReleaseScriptingObjects (0ms)
			CreateAndSetChildDomain (16591ms)
		EndReloadAssembly (8781ms)
			LoadAssemblies (5831ms)
			RebuildTransferFunctionScriptingTraits (3ms)
			SetupTypeCache (5200ms)
			ReleaseScriptCaches (77ms)
			RebuildScriptCaches (414ms)
			SetupLoadedEditorAssemblies (1866ms)
				LogAssemblyErrors (0ms)
				InitializePlatformSupportModulesInManaged (113ms)
				SetLoadedEditorAssemblies (3ms)
				RefreshPlugins (14ms)
				BeforeProcessingInitializeOnLoad (509ms)
				ProcessInitializeOnLoadAttributes (1110ms)
				ProcessInitializeOnLoadMethodAttributes (109ms)
				AfterProcessingInitializeOnLoad (5ms)
				EditorAssembliesLoaded (1ms)
			ExecutionOrderSort2 (0ms)
			AwakeInstancesAfterBackupRestoration (31ms)
Platform modules already initialized, skipping
Refreshing native plugins compatible for Editor in 10.72 ms, found 3 plugins.
Preloading 0 native plugins for Editor in 0.00 ms.
Unloading 3377 Unused Serialized files (Serialized files now loaded: 0)
Unloading 20 unused Assets / (79.9 KB). Loaded Objects now: 3890.
Memory consumption went from 121.7 MB to 121.7 MB.
Total: 15.752400 ms (FindLiveObjects: 1.002200 ms CreateObjectMapping: 1.340100 ms MarkObjects: 11.490100 ms  DeleteObjects: 1.915500 ms)

AssetImportParameters requested are different than current active one (requested -> active):
  custom:video-decoder-ogg-theora: a1e56fd34408186e4bbccfd4996cb3dc -> 
  custom:container-muxer-webm: aa71ff27fc2769a1b78a27578f13a17b -> 
  custom:container-demuxer-webm: 4f35f7cbe854078d1ac9338744f61a02 -> 
  custom:video-encoder-webm-vp8: eb34c28f22e8b96e1ab97ce403110664 -> 
  custom:audio-encoder-webm-vorbis: bf7c407c2cedff20999df2af8eb42d56 -> 
  custom:framework-win-MediaFoundation: 216162199b28c13a410421893ffa2e32 -> 
  custom:container-demuxer-ogg: 62fdf1f143b41e24485cea50d1cbac27 -> 
  custom:video-decoder-webm-vp8: 9c59270c3fd7afecdb556c50c9e8de78 -> 
  custom:audio-decoder-ogg-vorbis: bf7c407c2cedff20999df2af8eb42d56 -> 
========================================================================
Received Prepare
Refreshing native plugins compatible for Editor in 26.30 ms, found 3 plugins.
Preloading 0 native plugins for Editor in 0.00 ms.
Unloading 20 Unused Serialized files (Serialized files now loaded: 0)
Unloading 20 unused Assets / (77.3 KB). Loaded Objects now: 3890.
Memory consumption went from 54.6 MB to 54.5 MB.
Total: 5.860500 ms (FindLiveObjects: 0.341500 ms CreateObjectMapping: 0.106500 ms MarkObjects: 5.096300 ms  DeleteObjects: 0.314700 ms)

AssetImportParameters requested are different than current active one (requested -> active):
  graphicsApiMask: 2048 -> 2304
  custom:video-decoder-ogg-theora: a1e56fd34408186e4bbccfd4996cb3dc -> 
  custom:container-muxer-webm: aa71ff27fc2769a1b78a27578f13a17b -> 
  custom:container-demuxer-webm: 4f35f7cbe854078d1ac9338744f61a02 -> 
  custom:video-encoder-webm-vp8: eb34c28f22e8b96e1ab97ce403110664 -> 
  custom:audio-encoder-webm-vorbis: bf7c407c2cedff20999df2af8eb42d56 -> 
  custom:framework-win-MediaFoundation: 216162199b28c13a410421893ffa2e32 -> 
  custom:container-demuxer-ogg: 62fdf1f143b41e24485cea50d1cbac27 -> 
  custom:video-decoder-webm-vp8: 9c59270c3fd7afecdb556c50c9e8de78 -> 
  custom:audio-decoder-ogg-vorbis: bf7c407c2cedff20999df2af8eb42d56 -> 
========================================================================
Received Prepare
Refreshing native plugins compatible for Editor in 17.49 ms, found 3 plugins.
Preloading 0 native plugins for Editor in 0.00 ms.
Unloading 20 Unused Serialized files (Serialized files now loaded: 0)
Unloading 20 unused Assets / (77.1 KB). Loaded Objects now: 3890.
Memory consumption went from 54.6 MB to 54.5 MB.
Total: 5.529100 ms (FindLiveObjects: 0.813100 ms CreateObjectMapping: 0.287500 ms MarkObjects: 4.070100 ms  DeleteObjects: 0.355800 ms)

AssetImportParameters requested are different than current active one (requested -> active):
  custom:video-decoder-ogg-theora: a1e56fd34408186e4bbccfd4996cb3dc -> 
  custom:container-muxer-webm: aa71ff27fc2769a1b78a27578f13a17b -> 
  custom:container-demuxer-webm: 4f35f7cbe854078d1ac9338744f61a02 -> 
  custom:video-encoder-webm-vp8: eb34c28f22e8b96e1ab97ce403110664 -> 
  custom:audio-encoder-webm-vorbis: bf7c407c2cedff20999df2af8eb42d56 -> 
  custom:framework-win-MediaFoundation: 216162199b28c13a410421893ffa2e32 -> 
  custom:container-demuxer-ogg: 62fdf1f143b41e24485cea50d1cbac27 -> 
  custom:video-decoder-webm-vp8: 9c59270c3fd7afecdb556c50c9e8de78 -> 
  custom:audio-decoder-ogg-vorbis: bf7c407c2cedff20999df2af8eb42d56 -> 
========================================================================
Received Prepare
Refreshing native plugins compatible for Editor in 24.87 ms, found 3 plugins.
Preloading 0 native plugins for Editor in 0.00 ms.
Unloading 20 Unused Serialized files (Serialized files now loaded: 0)
Unloading 20 unused Assets / (77.2 KB). Loaded Objects now: 3890.
Memory consumption went from 54.6 MB to 54.5 MB.
Total: 200.615200 ms (FindLiveObjects: 3.823300 ms CreateObjectMapping: 0.879300 ms MarkObjects: 195.314600 ms  DeleteObjects: 0.595500 ms)

AssetImportParameters requested are different than current active one (requested -> active):
  custom:video-decoder-ogg-theora: a1e56fd34408186e4bbccfd4996cb3dc -> 
  custom:container-muxer-webm: aa71ff27fc2769a1b78a27578f13a17b -> 
  custom:container-demuxer-webm: 4f35f7cbe854078d1ac9338744f61a02 -> 
  custom:video-encoder-webm-vp8: eb34c28f22e8b96e1ab97ce403110664 -> 
  custom:audio-encoder-webm-vorbis: bf7c407c2cedff20999df2af8eb42d56 -> 
  custom:framework-win-MediaFoundation: 216162199b28c13a410421893ffa2e32 -> 
  custom:container-demuxer-ogg: 62fdf1f143b41e24485cea50d1cbac27 -> 
  custom:video-decoder-webm-vp8: 9c59270c3fd7afecdb556c50c9e8de78 -> 
  custom:audio-decoder-ogg-vorbis: bf7c407c2cedff20999df2af8eb42d56 -> 
